<?xml version="1.0" encoding="UTF-8"?>
<!-- Generated by org.testng.reporters.JUnitReportReporter -->
<testsuite hostname="DESKTOP-6VG636I" failures="0" tests="1" name="testCases.TC_LoginTest_001" time="86.157" errors="0" timestamp="10 Feb 2021 18:30:19 GMT" skipped="0">
  <testcase classname="testCases.TC_LoginTest_001" name="loginTest" time="86.157"/>
</testsuite> <!-- testCases.TC_LoginTest_001 -->
